{"C:\\Users\\T-GAMER\\projetos\\vinezof-lab\\react-apps\\react-task-manager\\src\\__tests__\\mocks\\windowMock.js": {"path":"C:\\Users\\T-GAMER\\projetos\\vinezof-lab\\react-apps\\react-task-manager\\src\\__tests__\\mocks\\windowMock.js","statementMap":{"0":{"start":{"line":1,"column":0},"end":{"line":8,"column":3}}},"fnMap":{},"branchMap":{},"s":{"0":1},"f":{},"b":{},"_coverageSchema":"1a1c01bbd47fc00a2c39e90264f33305004495a9","hash":"28e81589b503114ce60b25a17a5037d01702b52b"}
,"C:\\Users\\T-GAMER\\projetos\\vinezof-lab\\react-apps\\react-task-manager\\src\\components\\TaskManager\\TaskManager.jsx": {"path":"C:\\Users\\T-GAMER\\projetos\\vinezof-lab\\react-apps\\react-task-manager\\src\\components\\TaskManager\\TaskManager.jsx","statementMap":{"0":{"start":{"line":4,"column":28},"end":{"line":4,"column":40}},"1":{"start":{"line":5,"column":32},"end":{"line":5,"column":44}},"2":{"start":{"line":6,"column":28},"end":{"line":6,"column":40}},"3":{"start":{"line":8,"column":2},"end":{"line":19,"column":9}},"4":{"start":{"line":10,"column":23},"end":{"line":10,"column":52}},"5":{"start":{"line":12,"column":4},"end":{"line":18,"column":5}},"6":{"start":{"line":13,"column":6},"end":{"line":17,"column":7}},"7":{"start":{"line":14,"column":8},"end":{"line":14,"column":41}},"8":{"start":{"line":16,"column":8},"end":{"line":16,"column":49}},"9":{"start":{"line":21,"column":2},"end":{"line":24,"column":14}},"10":{"start":{"line":23,"column":4},"end":{"line":23,"column":57}},"11":{"start":{"line":26,"column":18},"end":{"line":44,"column":3}},"12":{"start":{"line":27,"column":4},"end":{"line":27,"column":23}},"13":{"start":{"line":28,"column":4},"end":{"line":28,"column":17}},"14":{"start":{"line":30,"column":4},"end":{"line":33,"column":5}},"15":{"start":{"line":31,"column":6},"end":{"line":31,"column":39}},"16":{"start":{"line":32,"column":6},"end":{"line":32,"column":13}},"17":{"start":{"line":35,"column":17},"end":{"line":40,"column":5}},"18":{"start":{"line":42,"column":4},"end":{"line":42,"column":31}},"19":{"start":{"line":43,"column":4},"end":{"line":43,"column":19}},"20":{"start":{"line":46,"column":21},"end":{"line":52,"column":3}},"21":{"start":{"line":47,"column":4},"end":{"line":51,"column":6}},"22":{"start":{"line":49,"column":8},"end":{"line":49,"column":75}},"23":{"start":{"line":54,"column":21},"end":{"line":56,"column":3}},"24":{"start":{"line":55,"column":4},"end":{"line":55,"column":57}},"25":{"start":{"line":55,"column":36},"end":{"line":55,"column":54}},"26":{"start":{"line":58,"column":2},"end":{"line":134,"column":4}},"27":{"start":{"line":67,"column":29},"end":{"line":67,"column":55}},"28":{"start":{"line":93,"column":12},"end":{"line":122,"column":17}},"29":{"start":{"line":101,"column":34},"end":{"line":101,"column":53}},"30":{"start":{"line":116,"column":31},"end":{"line":116,"column":50}},"31":{"start":{"line":129,"column":31},"end":{"line":129,"column":42}}},"fnMap":{"0":{"name":"TaskManager","decl":{"start":{"line":3,"column":9},"end":{"line":3,"column":20}},"loc":{"start":{"line":3,"column":23},"end":{"line":135,"column":1}},"line":3},"1":{"name":"(anonymous_1)","decl":{"start":{"line":8,"column":12},"end":{"line":8,"column":13}},"loc":{"start":{"line":8,"column":18},"end":{"line":19,"column":3}},"line":8},"2":{"name":"(anonymous_2)","decl":{"start":{"line":21,"column":12},"end":{"line":21,"column":13}},"loc":{"start":{"line":21,"column":18},"end":{"line":24,"column":3}},"line":21},"3":{"name":"(anonymous_3)","decl":{"start":{"line":26,"column":18},"end":{"line":26,"column":19}},"loc":{"start":{"line":26,"column":31},"end":{"line":44,"column":3}},"line":26},"4":{"name":"(anonymous_4)","decl":{"start":{"line":46,"column":21},"end":{"line":46,"column":22}},"loc":{"start":{"line":46,"column":33},"end":{"line":52,"column":3}},"line":46},"5":{"name":"(anonymous_5)","decl":{"start":{"line":48,"column":16},"end":{"line":48,"column":17}},"loc":{"start":{"line":49,"column":8},"end":{"line":49,"column":75}},"line":49},"6":{"name":"(anonymous_6)","decl":{"start":{"line":54,"column":21},"end":{"line":54,"column":22}},"loc":{"start":{"line":54,"column":33},"end":{"line":56,"column":3}},"line":54},"7":{"name":"(anonymous_7)","decl":{"start":{"line":55,"column":26},"end":{"line":55,"column":27}},"loc":{"start":{"line":55,"column":36},"end":{"line":55,"column":54}},"line":55},"8":{"name":"(anonymous_8)","decl":{"start":{"line":67,"column":22},"end":{"line":67,"column":23}},"loc":{"start":{"line":67,"column":29},"end":{"line":67,"column":55}},"line":67},"9":{"name":"(anonymous_9)","decl":{"start":{"line":92,"column":21},"end":{"line":92,"column":22}},"loc":{"start":{"line":93,"column":12},"end":{"line":122,"column":17}},"line":93},"10":{"name":"(anonymous_10)","decl":{"start":{"line":101,"column":28},"end":{"line":101,"column":29}},"loc":{"start":{"line":101,"column":34},"end":{"line":101,"column":53}},"line":101},"11":{"name":"(anonymous_11)","decl":{"start":{"line":116,"column":25},"end":{"line":116,"column":26}},"loc":{"start":{"line":116,"column":31},"end":{"line":116,"column":50}},"line":116},"12":{"name":"(anonymous_12)","decl":{"start":{"line":129,"column":24},"end":{"line":129,"column":25}},"loc":{"start":{"line":129,"column":31},"end":{"line":129,"column":42}},"line":129}},"branchMap":{"0":{"loc":{"start":{"line":12,"column":4},"end":{"line":18,"column":5}},"type":"if","locations":[{"start":{"line":12,"column":4},"end":{"line":18,"column":5}},{"start":{},"end":{}}],"line":12},"1":{"loc":{"start":{"line":30,"column":4},"end":{"line":33,"column":5}},"type":"if","locations":[{"start":{"line":30,"column":4},"end":{"line":33,"column":5}},{"start":{},"end":{}}],"line":30},"2":{"loc":{"start":{"line":49,"column":8},"end":{"line":49,"column":75}},"type":"cond-expr","locations":[{"start":{"line":49,"column":29},"end":{"line":49,"column":68}},{"start":{"line":49,"column":71},"end":{"line":49,"column":75}}],"line":49},"3":{"loc":{"start":{"line":72,"column":11},"end":{"line":76,"column":11}},"type":"binary-expr","locations":[{"start":{"line":72,"column":11},"end":{"line":72,"column":16}},{"start":{"line":73,"column":12},"end":{"line":75,"column":16}}],"line":72},"4":{"loc":{"start":{"line":86,"column":7},"end":{"line":125,"column":7}},"type":"cond-expr","locations":[{"start":{"line":87,"column":8},"end":{"line":89,"column":12}},{"start":{"line":91,"column":8},"end":{"line":124,"column":13}}],"line":86},"5":{"loc":{"start":{"line":104,"column":20},"end":{"line":104,"column":62}},"type":"cond-expr","locations":[{"start":{"line":104,"column":37},"end":{"line":104,"column":49}},{"start":{"line":104,"column":52},"end":{"line":104,"column":62}}],"line":104},"6":{"loc":{"start":{"line":109,"column":20},"end":{"line":109,"column":70}},"type":"cond-expr","locations":[{"start":{"line":109,"column":37},"end":{"line":109,"column":65}},{"start":{"line":109,"column":68},"end":{"line":109,"column":70}}],"line":109},"7":{"loc":{"start":{"line":127,"column":7},"end":{"line":132,"column":7}},"type":"binary-expr","locations":[{"start":{"line":127,"column":7},"end":{"line":127,"column":23}},{"start":{"line":128,"column":8},"end":{"line":131,"column":14}}],"line":127}},"s":{"0":202,"1":202,"2":202,"3":202,"4":9,"5":9,"6":2,"7":2,"8":1,"9":202,"10":20,"11":202,"12":7,"13":7,"14":7,"15":1,"16":1,"17":6,"18":6,"19":6,"20":202,"21":3,"22":5,"23":202,"24":1,"25":2,"26":202,"27":181,"28":42,"29":3,"30":1,"31":42},"f":{"0":202,"1":9,"2":20,"3":7,"4":3,"5":5,"6":1,"7":2,"8":181,"9":42,"10":3,"11":1,"12":42},"b":{"0":[2,7],"1":[1,6],"2":[3,2],"3":[202,1],"4":[163,39],"5":[2,40],"6":[2,40],"7":[202,39]},"_coverageSchema":"1a1c01bbd47fc00a2c39e90264f33305004495a9","hash":"fbcfd94a41c64629c062077eeee1b14b5ad6f2df"}
}
