TN:
SF:src\__tests__\mocks\windowMock.js
FNF:0
FNH:0
DA:1,1
LF:1
LH:1
BRF:0
BRH:0
end_of_record
TN:
SF:src\components\TaskManager\TaskManager.jsx
FN:3,TaskManager
FN:8,(anonymous_1)
FN:21,(anonymous_2)
FN:26,(anonymous_3)
FN:46,(anonymous_4)
FN:48,(anonymous_5)
FN:54,(anonymous_6)
FN:55,(anonymous_7)
FN:67,(anonymous_8)
FN:92,(anonymous_9)
FN:101,(anonymous_10)
FN:116,(anonymous_11)
FN:129,(anonymous_12)
FNF:13
FNH:13
FNDA:202,TaskManager
FNDA:9,(anonymous_1)
FNDA:20,(anonymous_2)
FNDA:7,(anonymous_3)
FNDA:3,(anonymous_4)
FNDA:5,(anonymous_5)
FNDA:1,(anonymous_6)
FNDA:2,(anonymous_7)
FNDA:181,(anonymous_8)
FNDA:42,(anonymous_9)
FNDA:3,(anonymous_10)
FNDA:1,(anonymous_11)
FNDA:42,(anonymous_12)
DA:4,202
DA:5,202
DA:6,202
DA:8,202
DA:10,9
DA:12,9
DA:13,2
DA:14,2
DA:16,1
DA:21,202
DA:23,20
DA:26,202
DA:27,7
DA:28,7
DA:30,7
DA:31,1
DA:32,1
DA:35,6
DA:42,6
DA:43,6
DA:46,202
DA:47,3
DA:49,5
DA:54,202
DA:55,2
DA:58,202
DA:67,181
DA:93,42
DA:101,3
DA:116,1
DA:129,42
LF:31
LH:31
BRDA:12,0,0,2
BRDA:12,0,1,7
BRDA:30,1,0,1
BRDA:30,1,1,6
BRDA:49,2,0,3
BRDA:49,2,1,2
BRDA:72,3,0,202
BRDA:72,3,1,1
BRDA:86,4,0,163
BRDA:86,4,1,39
BRDA:104,5,0,2
BRDA:104,5,1,40
BRDA:109,6,0,2
BRDA:109,6,1,40
BRDA:127,7,0,202
BRDA:127,7,1,39
BRF:16
BRH:16
end_of_record
